Arguments: 
  /Users/NadinElYabroudi/.nvm/versions/node/v8.11.0/bin/node /Users/NadinElYabroudi/.yarn/bin/yarn.js

PATH: 
  /Users/NadinElYabroudi/.nvm/versions/node/v8.9.0/bin:/Users/NadinElYabroudi/.yarn/bin:/Users/NadinElYabroudi/.nvm/versions/node/v8.11.0/bin:/usr/local/bin:/usr/bin:/bin:/usr/sbin:/sbin:/Applications/Postgres.app/Contents/Versions/9.6/bin:/Users/NadinElYabroudi/Library/Android/sdk/tools:/Users/NadinElYabroudi/Library/Android/sdk/platform-tools

Yarn version: 
  1.9.4

Node version: 
  8.11.0

Platform: 
  darwin x64

Trace: 
  SyntaxError: /Users/NadinElYabroudi/Documents/learning/react-native-webview-bridge/package.json: Unexpected token 
   in JSON at position 596
      at JSON.parse (<anonymous>)
      at /Users/NadinElYabroudi/.yarn/lib/cli.js:1130:59
      at Generator.next (<anonymous>)
      at step (/Users/NadinElYabroudi/.yarn/lib/cli.js:92:30)
      at /Users/NadinElYabroudi/.yarn/lib/cli.js:103:13
      at <anonymous>

npm manifest: 
  {
    "name": "react-native-webview-bridge-fork",
    "version": "0.33.0",
    "description": "A Fix for React Native WebView Javascript Bridge",
    "main": "webview-bridge",
    "directories": {
      "example": "example",
      "lib": "lib"
    },
    "scripts": {
      "test": "echo \"Error: no test specified\" && exit 1"
    },
    "repository": {
      "type": "git",
      "url": "git@github.com:nadinelyab/react-native-webview-bridge.git"
    },
    "keywords": [
      "react-native",
      "react-component",
      "ios",
      "webview-bridge"
    ],
    "author": "Nadin El-Yabroudi",
    "contributors": [
      "Ali Najafizadeh,
      "Hunter Medney"
    ],
    "license": "MIT",
    "bugs": {
      "url": "https://github.com/alinz/react-native-webview-bridge/issues"
    },
    "homepage": "https://github.com/nadinelyab/react-native-webview-bridge",
    "dependencies": {
      "invariant": "2.2.0",
      "keymirror": "0.1.1"
    }
  }

yarn manifest: 
  No manifest

Lockfile: 
  No lockfile
